TN:
SF:D:\web_object\code_Test\manage-sys\src\components\Hello.vue
FNF:0
FNH:0
DA:27,1
LF:1
LH:1
BRF:0
BRH:0
end_of_record
TN:
SF:D:\web_object\code_Test\manage-sys\src\main.js
FN:26,(anonymous_0)
FN:31,(anonymous_1)
FN:37,(anonymous_2)
FN:47,(anonymous_3)
FN:48,(anonymous_4)
FN:70,hasPermission
FN:72,(anonymous_6)
FN:75,hasUserInfo
FN:76,(anonymous_8)
FN:79,(anonymous_9)
FN:88,(anonymous_10)
FN:106,(anonymous_11)
FNF:12
FNH:3
FNDA:6,(anonymous_0)
FNDA:2,(anonymous_1)
FNDA:0,(anonymous_2)
FNDA:0,(anonymous_3)
FNDA:0,(anonymous_4)
FNDA:0,hasPermission
FNDA:0,(anonymous_6)
FNDA:0,hasUserInfo
FNDA:0,(anonymous_8)
FNDA:0,(anonymous_9)
FNDA:0,(anonymous_10)
FNDA:2,(anonymous_11)
DA:22,1
DA:23,1
DA:24,1
DA:26,1
DA:27,6
DA:30,1
DA:31,1
DA:33,2
DA:36,0
DA:38,0
DA:39,0
DA:40,0
DA:42,0
DA:45,0
DA:48,0
DA:49,0
DA:57,2
DA:58,1
DA:60,1
DA:72,0
DA:76,0
DA:78,0
DA:79,0
DA:80,0
DA:83,0
DA:87,0
DA:89,0
DA:92,0
DA:97,0
DA:103,1
DA:106,2
LF:31
LH:13
BRDA:33,0,0,0
BRDA:33,0,1,2
BRDA:38,1,0,0
BRDA:38,1,1,0
BRDA:38,2,0,0
BRDA:38,2,1,0
BRDA:39,3,0,0
BRDA:39,3,1,0
BRDA:57,4,0,1
BRDA:57,4,1,1
BRDA:78,5,0,0
BRDA:78,5,1,0
BRF:12
BRH:3
end_of_record
TN:
SF:D:\web_object\code_Test\manage-sys\src\assets\iconfont\iconfont.js
FN:1,(anonymous_0)
FN:1,(anonymous_1)
FN:1,(anonymous_2)
FN:1,(anonymous_3)
FN:1,IEContentLoaded
FN:1,(anonymous_5)
FN:1,(anonymous_6)
FN:1,(anonymous_7)
FN:1,(anonymous_8)
FN:1,(anonymous_9)
FN:1,appendSvg
FNF:11
FNH:7
FNDA:1,(anonymous_0)
FNDA:1,(anonymous_1)
FNDA:1,(anonymous_2)
FNDA:1,(anonymous_3)
FNDA:0,IEContentLoaded
FNDA:0,(anonymous_5)
FNDA:0,(anonymous_6)
FNDA:0,(anonymous_7)
FNDA:1,(anonymous_8)
FNDA:1,(anonymous_9)
FNDA:1,appendSvg
DA:1,1
LF:1
LH:1
BRDA:1,0,0,1
BRDA:1,0,1,0
BRDA:1,1,0,0
BRDA:1,1,1,1
BRDA:1,2,0,0
BRDA:1,2,1,0
BRDA:1,3,0,0
BRDA:1,3,1,0
BRDA:1,4,0,0
BRDA:1,4,1,0
BRDA:1,5,0,1
BRDA:1,5,1,0
BRDA:1,6,0,1
BRDA:1,6,1,0
BRDA:1,7,0,0
BRDA:1,7,1,1
BRDA:1,8,0,1
BRDA:1,8,1,0
BRDA:1,9,0,0
BRDA:1,9,1,0
BRF:20
BRH:6
end_of_record
TN:
SF:D:\web_object\code_Test\manage-sys\src\components\Icon-svg\index.js
FN:3,registerAllComponents
FN:4,(anonymous_1)
FNF:2
FNH:2
FNDA:1,registerAllComponents
FNDA:2,(anonymous_1)
DA:4,1
DA:5,2
DA:6,2
DA:7,2
DA:11,1
LF:5
LH:5
BRDA:6,0,0,2
BRDA:6,0,1,0
BRF:2
BRH:1
end_of_record
TN:
SF:D:\web_object\code_Test\manage-sys\src\components\Icon-svg\wscn-icon-stack.vue
FN:18,(anonymous_0)
FNF:1
FNH:0
FNDA:0,(anonymous_0)
DA:19,0
DA:20,0
DA:26,0
LF:3
LH:0
BRDA:30,0,0,0
BRDA:30,0,1,0
BRF:2
BRH:0
end_of_record
TN:
SF:D:\web_object\code_Test\manage-sys\src\components\Icon-svg\wscn-icon-svg.vue
FNF:0
FNH:0
DA:18,1
LF:1
LH:1
BRF:0
BRH:0
end_of_record
TN:
SF:D:\web_object\code_Test\manage-sys\src\directives\index.js
FNF:0
FNH:0
LF:0
LH:0
BRF:0
BRH:0
end_of_record
TN:
SF:D:\web_object\code_Test\manage-sys\src\directives\hasAuthority.js
FN:6,(anonymous_0)
FN:14,(anonymous_1)
FN:21,(anonymous_2)
FNF:3
FNH:0
FNDA:0,(anonymous_0)
FNDA:0,(anonymous_1)
FNDA:0,(anonymous_2)
DA:4,1
DA:8,0
DA:12,1
DA:16,0
DA:17,0
DA:19,0
DA:21,0
DA:22,0
DA:24,0
LF:9
LH:2
BRDA:16,0,0,0
BRDA:16,0,1,0
BRDA:21,1,0,0
BRDA:21,1,1,0
BRF:4
BRH:0
end_of_record
TN:
SF:D:\web_object\code_Test\manage-sys\src\store\index.js
FNF:0
FNH:0
DA:12,1
DA:14,1
LF:2
LH:2
BRF:0
BRH:0
end_of_record
TN:
SF:D:\web_object\code_Test\manage-sys\src\store\modules\app.js
FNF:0
FNH:0
DA:3,1
LF:1
LH:1
BRF:0
BRH:0
end_of_record
TN:
SF:D:\web_object\code_Test\manage-sys\src\store\modules\user.js
FN:23,(anonymous_0)
FN:26,(anonymous_1)
FN:29,(anonymous_2)
FN:32,(anonymous_3)
FN:35,(anonymous_4)
FN:38,(anonymous_5)
FN:41,(anonymous_6)
FN:44,(anonymous_7)
FN:47,(anonymous_8)
FN:50,(anonymous_9)
FN:53,(anonymous_10)
FN:56,(anonymous_11)
FN:59,(anonymous_12)
FN:68,(anonymous_13)
FN:70,(anonymous_14)
FN:85,(anonymous_15)
FN:88,(anonymous_16)
FN:98,(anonymous_17)
FN:106,(anonymous_18)
FN:108,(anonymous_19)
FN:112,(anonymous_20)
FN:121,(anonymous_21)
FN:133,(anonymous_22)
FNF:23
FNH:0
FNDA:0,(anonymous_0)
FNDA:0,(anonymous_1)
FNDA:0,(anonymous_2)
FNDA:0,(anonymous_3)
FNDA:0,(anonymous_4)
FNDA:0,(anonymous_5)
FNDA:0,(anonymous_6)
FNDA:0,(anonymous_7)
FNDA:0,(anonymous_8)
FNDA:0,(anonymous_9)
FNDA:0,(anonymous_10)
FNDA:0,(anonymous_11)
FNDA:0,(anonymous_12)
FNDA:0,(anonymous_13)
FNDA:0,(anonymous_14)
FNDA:0,(anonymous_15)
FNDA:0,(anonymous_16)
FNDA:0,(anonymous_17)
FNDA:0,(anonymous_18)
FNDA:0,(anonymous_19)
FNDA:0,(anonymous_20)
FNDA:0,(anonymous_21)
FNDA:0,(anonymous_22)
DA:4,1
DA:24,0
DA:27,0
DA:30,0
DA:33,0
DA:36,0
DA:39,0
DA:42,0
DA:45,0
DA:48,0
DA:51,0
DA:54,0
DA:57,0
DA:60,0
DA:67,0
DA:68,0
DA:69,0
DA:71,0
DA:72,0
DA:73,0
DA:74,0
DA:75,0
DA:77,0
DA:85,0
DA:88,0
DA:89,0
DA:90,0
DA:91,0
DA:92,0
DA:93,0
DA:97,0
DA:99,0
DA:106,0
DA:107,0
DA:108,0
DA:109,0
DA:110,0
DA:111,0
DA:113,0
DA:121,0
DA:122,0
DA:123,0
DA:124,0
DA:125,0
DA:126,0
DA:133,0
DA:134,0
DA:135,0
DA:136,0
LF:49
LH:1
BRF:0
BRH:0
end_of_record
TN:
SF:D:\web_object\code_Test\manage-sys\src\api\login.js
FN:5,loginByEmail
FN:17,(anonymous_1)
FN:19,(anonymous_2)
FN:33,getInfo
FNF:4
FNH:0
FNDA:0,loginByEmail
FNDA:0,(anonymous_1)
FNDA:0,(anonymous_2)
FNDA:0,getInfo
DA:7,0
DA:9,0
DA:18,0
DA:20,0
DA:21,0
DA:22,0
DA:23,0
DA:29,0
DA:34,0
LF:9
LH:0
BRDA:22,0,0,0
BRDA:22,0,1,0
BRF:2
BRH:0
end_of_record
TN:
SF:D:\web_object\code_Test\manage-sys\src\utils\fetch.js
FN:13,(anonymous_0)
FN:19,(anonymous_1)
FN:27,(anonymous_2)
FN:48,(anonymous_3)
FNF:4
FNH:0
FNDA:0,(anonymous_0)
FNDA:0,(anonymous_1)
FNDA:0,(anonymous_2)
FNDA:0,(anonymous_3)
DA:7,1
DA:13,1
DA:15,0
DA:16,0
DA:18,0
DA:21,0
DA:22,0
DA:26,1
DA:27,0
DA:49,0
DA:50,0
DA:51,0
DA:56,0
LF:13
LH:3
BRDA:15,0,0,0
BRDA:15,0,1,0
BRF:2
BRH:0
end_of_record
TN:
SF:D:\web_object\code_Test\manage-sys\src\store\modules\tabs.js
FN:16,(anonymous_0)
FN:22,(anonymous_1)
FN:29,(anonymous_2)
FN:31,(anonymous_3)
FNF:4
FNH:0
FNDA:0,(anonymous_0)
FNDA:0,(anonymous_1)
FNDA:0,(anonymous_2)
FNDA:0,(anonymous_3)
DA:6,1
DA:17,0
DA:23,0
DA:29,0
DA:31,0
DA:32,0
DA:33,0
DA:36,0
DA:38,0
LF:9
LH:1
BRDA:32,0,0,0
BRDA:32,0,1,0
BRDA:36,1,0,0
BRDA:36,1,1,0
BRF:4
BRH:0
end_of_record
TN:
SF:D:\web_object\code_Test\manage-sys\src\store\modules\tabpage\exampleTab.js
FN:16,(anonymous_0)
FN:19,(anonymous_1)
FN:27,(anonymous_2)
FN:32,(anonymous_3)
FNF:4
FNH:0
FNDA:0,(anonymous_0)
FNDA:0,(anonymous_1)
FNDA:0,(anonymous_2)
FNDA:0,(anonymous_3)
DA:4,1
DA:17,0
DA:20,0
DA:27,0
DA:28,0
DA:32,0
DA:33,0
LF:7
LH:1
BRF:0
BRH:0
end_of_record
TN:
SF:D:\web_object\code_Test\manage-sys\src\store\getters.js
FN:5,(anonymous_0)
FN:7,(anonymous_1)
FN:9,(anonymous_2)
FN:15,(anonymous_3)
FN:16,(anonymous_4)
FN:18,(anonymous_5)
FNF:6
FNH:1
FNDA:0,(anonymous_0)
FNDA:1,(anonymous_1)
FNDA:0,(anonymous_2)
FNDA:0,(anonymous_3)
FNDA:0,(anonymous_4)
FNDA:0,(anonymous_5)
DA:4,1
DA:5,0
DA:7,1
DA:9,0
DA:15,0
DA:16,0
DA:18,0
LF:7
LH:2
BRF:0
BRH:0
end_of_record
TN:
SF:D:\web_object\code_Test\manage-sys\src\components\index.js
FNF:0
FNH:0
LF:0
LH:0
BRF:0
BRH:0
end_of_record
TN:
SF:D:\web_object\code_Test\manage-sys\src\components\confirm-box\confirm.js
FN:7,ConfirmBox
FNF:1
FNH:0
FNDA:0,ConfirmBox
DA:8,0
DA:15,1
LF:2
LH:1
BRF:0
BRH:0
end_of_record
TN:
SF:D:\web_object\code_Test\manage-sys\src\App.vue
FNF:0
FNH:0
LF:0
LH:0
BRF:0
BRH:0
end_of_record
TN:
SF:D:\web_object\code_Test\manage-sys\src\router\index.js
FN:17,(anonymous_0)
FN:20,(anonymous_1)
FN:21,(anonymous_2)
FN:24,(anonymous_3)
FN:28,(anonymous_4)
FN:29,(anonymous_5)
FN:30,(anonymous_6)
FN:33,(anonymous_7)
FN:34,(anonymous_8)
FN:35,(anonymous_9)
FN:36,(anonymous_10)
FN:37,(anonymous_11)
FN:38,(anonymous_12)
FN:39,(anonymous_13)
FN:40,(anonymous_14)
FN:43,(anonymous_15)
FN:46,(anonymous_16)
FN:49,(anonymous_17)
FN:50,(anonymous_18)
FN:51,(anonymous_19)
FN:55,(anonymous_20)
FN:56,(anonymous_21)
FN:57,(anonymous_22)
FN:58,(anonymous_23)
FNF:24
FNH:0
FNDA:0,(anonymous_0)
FNDA:0,(anonymous_1)
FNDA:0,(anonymous_2)
FNDA:0,(anonymous_3)
FNDA:0,(anonymous_4)
FNDA:0,(anonymous_5)
FNDA:0,(anonymous_6)
FNDA:0,(anonymous_7)
FNDA:0,(anonymous_8)
FNDA:0,(anonymous_9)
FNDA:0,(anonymous_10)
FNDA:0,(anonymous_11)
FNDA:0,(anonymous_12)
FNDA:0,(anonymous_13)
FNDA:0,(anonymous_14)
FNDA:0,(anonymous_15)
FNDA:0,(anonymous_16)
FNDA:0,(anonymous_17)
FNDA:0,(anonymous_18)
FNDA:0,(anonymous_19)
FNDA:0,(anonymous_20)
FNDA:0,(anonymous_21)
FNDA:0,(anonymous_22)
FNDA:0,(anonymous_23)
DA:5,1
DA:17,1
DA:20,1
DA:21,1
DA:24,1
DA:28,1
DA:29,1
DA:30,1
DA:33,1
DA:34,1
DA:35,1
DA:36,1
DA:37,1
DA:38,1
DA:39,1
DA:40,1
DA:43,1
DA:46,1
DA:49,1
DA:50,1
DA:51,1
DA:55,1
DA:56,1
DA:57,1
DA:58,1
DA:152,1
DA:155,1
LF:27
LH:27
BRF:0
BRH:0
end_of_record
TN:
SF:D:\web_object\code_Test\manage-sys\src\views\layout\Layout.vue
FNF:0
FNH:0
DA:25,0
LF:1
LH:0
BRF:0
BRH:0
end_of_record
TN:
SF:D:\web_object\code_Test\manage-sys\src\views\layout\index.js
FNF:0
FNH:0
LF:0
LH:0
BRF:0
BRH:0
end_of_record
TN:
SF:D:\web_object\code_Test\manage-sys\src\views\layout\Navbar\index.vue
FNF:0
FNH:0
LF:0
LH:0
BRF:0
BRH:0
end_of_record
TN:
SF:D:\web_object\code_Test\manage-sys\src\views\layout\Navbar\navbar.js
FN:18,(anonymous_0)
FNF:1
FNH:0
FNDA:0,(anonymous_0)
DA:6,0
DA:12,0
DA:15,0
DA:18,0
DA:19,0
LF:5
LH:0
BRF:0
BRH:0
end_of_record
TN:
SF:D:\web_object\code_Test\manage-sys\src\views\layout\Sidebar.vue
FNF:0
FNH:0
DA:36,0
DA:42,0
DA:43,0
DA:44,0
DA:47,0
LF:5
LH:0
BRDA:43,0,0,0
BRDA:43,0,1,0
BRDA:44,1,0,0
BRDA:44,1,1,0
BRF:4
BRH:0
end_of_record
TN:
SF:D:\web_object\code_Test\manage-sys\src\store\permission.js
FN:10,(anonymous_0)
FN:14,(anonymous_1)
FN:36,(anonymous_2)
FN:42,(anonymous_3)
FNF:4
FNH:0
FNDA:0,(anonymous_0)
FNDA:0,(anonymous_1)
FNDA:0,(anonymous_2)
FNDA:0,(anonymous_3)
DA:4,1
DA:9,0
DA:10,0
DA:11,0
DA:12,0
DA:13,0
DA:14,0
DA:15,0
DA:16,0
DA:18,0
DA:20,0
DA:22,0
DA:25,0
DA:29,0
DA:32,0
DA:35,0
DA:36,0
DA:38,0
DA:42,0
DA:51,1
LF:20
LH:2
BRDA:11,0,0,0
BRDA:11,0,1,0
BRDA:12,1,0,0
BRDA:12,1,1,0
BRDA:13,2,0,0
BRDA:13,2,1,0
BRDA:13,3,0,0
BRDA:13,3,1,0
BRDA:15,4,0,0
BRDA:15,4,1,0
BRDA:35,5,0,0
BRDA:35,5,1,0
BRDA:35,6,0,0
BRDA:35,6,1,0
BRF:14
BRH:0
end_of_record
TN:
SF:D:\web_object\code_Test\manage-sys\src\views\layout\Levelbar.vue
FN:22,(anonymous_0)
FNF:1
FNH:0
FNDA:0,(anonymous_0)
DA:13,0
DA:16,0
DA:22,0
DA:23,0
DA:24,0
DA:25,0
DA:27,0
DA:32,0
LF:8
LH:0
BRDA:24,0,0,0
BRDA:24,0,1,0
BRDA:24,1,0,0
BRDA:24,1,1,0
BRDA:24,1,2,0
BRF:5
BRH:0
end_of_record
TN:
SF:D:\web_object\code_Test\manage-sys\src\views\layout\AppMain.vue
FN:48,(anonymous_0)
FN:58,(anonymous_1)
FN:67,(anonymous_2)
FNF:3
FNH:0
FNDA:0,(anonymous_0)
FNDA:0,(anonymous_1)
FNDA:0,(anonymous_2)
DA:28,1
DA:32,0
DA:33,0
DA:44,0
DA:45,0
DA:46,0
DA:47,0
DA:48,0
DA:49,0
DA:50,0
DA:51,0
DA:53,0
DA:58,0
DA:60,0
DA:64,0
DA:65,0
DA:68,0
DA:76,0
DA:81,0
DA:82,0
DA:83,0
DA:84,0
DA:85,0
DA:86,0
DA:87,0
DA:88,0
DA:96,0
LF:27
LH:1
BRDA:44,0,0,0
BRDA:44,0,1,0
BRDA:47,1,0,0
BRDA:47,1,1,0
BRDA:49,2,0,0
BRDA:49,2,1,0
BRDA:50,3,0,0
BRDA:50,3,1,0
BRDA:51,4,0,0
BRDA:51,4,1,0
BRDA:81,5,0,0
BRDA:81,5,1,0
BRDA:84,6,0,0
BRDA:84,6,1,0
BRDA:87,7,0,0
BRDA:87,7,1,0
BRDA:96,8,0,0
BRDA:96,8,1,0
BRF:18
BRH:0
end_of_record
TN:
SF:D:\web_object\code_Test\manage-sys\src\views\login\index.vue
FN:69,(anonymous_0)
FN:76,(anonymous_1)
FN:111,(anonymous_2)
FN:116,(anonymous_3)
FNF:4
FNH:0
FNDA:0,(anonymous_0)
FNDA:0,(anonymous_1)
FNDA:0,(anonymous_2)
FNDA:0,(anonymous_3)
DA:69,1
DA:70,0
DA:71,0
DA:73,0
DA:76,1
DA:77,0
DA:78,0
DA:80,0
DA:83,1
DA:109,0
DA:110,0
DA:112,0
DA:113,0
DA:117,0
DA:118,0
LF:15
LH:3
BRDA:70,0,0,0
BRDA:70,0,1,0
BRDA:77,1,0,0
BRDA:77,1,1,0
BRF:4
BRH:0
end_of_record
TN:
SF:D:\web_object\code_Test\manage-sys\src\utils\validate.js
FN:6,isWscnEmail
FN:12,validateURL
FN:18,validateLowerCase
FN:30,validateUpperCase
FN:36,validatAlphabets
FNF:5
FNH:0
FNDA:0,isWscnEmail
FNDA:0,validateURL
FNDA:0,validateLowerCase
FNDA:0,validateUpperCase
FNDA:0,validatAlphabets
DA:7,0
DA:8,0
DA:13,0
DA:14,0
DA:19,0
DA:20,0
DA:31,0
DA:32,0
DA:37,0
DA:38,0
LF:10
LH:0
BRF:0
BRH:0
end_of_record
TN:
SF:D:\web_object\code_Test\manage-sys\src\views\login\socialsignin.vue
FNF:0
FNH:0
DA:21,0
DA:22,0
DA:23,0
DA:24,0
DA:25,0
DA:28,0
DA:29,0
DA:30,0
DA:31,0
DA:32,0
LF:10
LH:0
BRF:0
BRH:0
end_of_record
TN:
SF:D:\web_object\code_Test\manage-sys\src\utils\openWindow.js
FN:9,openWindow
FNF:1
FNH:0
FNDA:0,openWindow
DA:11,0
DA:12,0
DA:14,0
DA:15,0
DA:17,0
DA:18,0
DA:19,0
DA:22,0
DA:23,0
LF:9
LH:0
BRDA:11,0,0,0
BRDA:11,0,1,0
BRDA:12,1,0,0
BRDA:12,1,1,0
BRDA:14,2,0,0
BRDA:14,2,1,0
BRDA:14,3,0,0
BRDA:14,3,1,0
BRDA:15,4,0,0
BRDA:15,4,1,0
BRDA:15,5,0,0
BRDA:15,5,1,0
BRDA:22,6,0,0
BRDA:22,6,1,0
BRF:14
BRH:0
end_of_record
TN:
SF:D:\web_object\code_Test\manage-sys\src\views\register\index.vue
FN:49,(anonymous_0)
FN:56,(anonymous_1)
FN:64,(anonymous_2)
FN:102,(anonymous_3)
FNF:4
FNH:0
FNDA:0,(anonymous_0)
FNDA:0,(anonymous_1)
FNDA:0,(anonymous_2)
FNDA:0,(anonymous_3)
DA:49,0
DA:50,0
DA:51,0
DA:53,0
DA:56,0
DA:57,0
DA:58,0
DA:60,0
DA:64,0
DA:65,0
DA:66,0
DA:68,0
DA:71,0
DA:100,0
DA:101,0
DA:103,0
LF:16
LH:0
BRDA:50,0,0,0
BRDA:50,0,1,0
BRDA:57,1,0,0
BRDA:57,1,1,0
BRDA:65,2,0,0
BRDA:65,2,1,0
BRF:6
BRH:0
end_of_record
TN:
SF:D:\web_object\code_Test\manage-sys\src\api\register.js
FN:4,register
FN:14,(anonymous_1)
FN:16,(anonymous_2)
FNF:3
FNH:0
FNDA:0,register
FNDA:0,(anonymous_1)
FNDA:0,(anonymous_2)
DA:6,0
DA:15,0
DA:17,0
DA:18,0
DA:23,0
LF:5
LH:0
BRF:0
BRH:0
end_of_record
TN:
SF:D:\web_object\code_Test\manage-sys\src\components\breadcrumb\breadcrumb.js
FN:15,(anonymous_0)
FNF:1
FNH:0
FNDA:0,(anonymous_0)
DA:6,0
DA:9,0
DA:15,0
DA:16,0
DA:17,0
DA:18,0
DA:20,0
DA:27,0
LF:8
LH:0
BRDA:17,0,0,0
BRDA:17,0,1,0
BRDA:17,1,0,0
BRDA:17,1,1,0
BRDA:17,1,2,0
BRF:5
BRH:0
end_of_record
TN:
SF:D:\web_object\code_Test\manage-sys\src\components\pagination\pagination.js
FNF:0
FNH:0
DA:8,0
LF:1
LH:0
BRF:0
BRH:0
end_of_record
TN:
SF:D:\web_object\code_Test\manage-sys\src\filters\index.js
FN:1,pluralize
FN:7,timeAgo
FN:18,parseTime
FN:44,(anonymous_3)
FN:55,formatTime
FN:81,nFormatter
FN:99,html2Text
FN:106,toThousandslsFilter
FNF:8
FNH:0
FNDA:0,pluralize
FNDA:0,timeAgo
FNDA:0,parseTime
FNDA:0,(anonymous_3)
FNDA:0,formatTime
FNDA:0,nFormatter
FNDA:0,html2Text
FNDA:0,toThousandslsFilter
DA:2,0
DA:3,0
DA:5,0
DA:8,0
DA:9,0
DA:10,0
DA:11,0
DA:12,0
DA:14,0
DA:19,0
DA:20,0
DA:23,0
DA:24,0
DA:28,0
DA:30,0
DA:31,0
DA:33,0
DA:35,0
DA:44,0
DA:45,0
DA:46,0
DA:47,0
DA:48,0
DA:50,0
DA:52,0
DA:56,0
DA:57,0
DA:58,0
DA:60,0
DA:62,0
DA:63,0
DA:64,0
DA:65,0
DA:66,0
DA:67,0
DA:68,0
DA:69,0
DA:71,0
DA:72,0
DA:74,0
DA:82,0
DA:90,0
DA:91,0
DA:92,0
DA:95,0
DA:100,0
DA:101,0
DA:102,0
DA:107,0
LF:49
LH:0
BRDA:2,0,0,0
BRDA:2,0,1,0
BRDA:9,1,0,0
BRDA:9,1,1,0
BRDA:11,2,0,0
BRDA:11,2,1,0
BRDA:19,3,0,0
BRDA:19,3,1,0
BRDA:23,4,0,0
BRDA:23,4,1,0
BRDA:28,5,0,0
BRDA:28,5,1,0
BRDA:30,6,0,0
BRDA:30,6,1,0
BRDA:46,7,0,0
BRDA:46,7,1,0
BRDA:47,8,0,0
BRDA:47,8,1,0
BRDA:47,9,0,0
BRDA:47,9,1,0
BRDA:50,10,0,0
BRDA:50,10,1,0
BRDA:62,11,0,0
BRDA:62,11,1,0
BRDA:64,12,0,0
BRDA:64,12,1,0
BRDA:66,13,0,0
BRDA:66,13,1,0
BRDA:68,14,0,0
BRDA:68,14,1,0
BRDA:71,15,0,0
BRDA:71,15,1,0
BRDA:91,16,0,0
BRDA:91,16,1,0
BRDA:102,17,0,0
BRDA:102,17,1,0
BRDA:107,18,0,0
BRDA:107,18,1,0
BRF:38
BRH:0
end_of_record
TN:
SF:D:\web_object\code_Test\manage-sys\src\api\activities.js
FN:6,GetList
FN:23,(anonymous_1)
FN:32,CreatActive
FN:37,(anonymous_3)
FN:44,UpdateActive
FN:49,(anonymous_5)
FN:56,DeleteActive
FN:60,(anonymous_7)
FN:67,getArticle
FNF:9
FNH:0
FNDA:0,GetList
FNDA:0,(anonymous_1)
FNDA:0,CreatActive
FNDA:0,(anonymous_3)
FNDA:0,UpdateActive
FNDA:0,(anonymous_5)
FNDA:0,DeleteActive
FNDA:0,(anonymous_7)
FNDA:0,getArticle
DA:9,0
DA:10,0
DA:19,0
DA:24,0
DA:25,0
DA:28,0
DA:33,0
DA:38,0
DA:39,0
DA:40,0
DA:45,0
DA:50,0
DA:51,0
DA:52,0
DA:57,0
DA:61,0
DA:62,0
DA:63,0
DA:68,0
LF:19
LH:0
BRDA:9,0,0,0
BRDA:9,0,1,0
BRF:2
BRH:0
end_of_record
TN:
SF:D:\web_object\code_Test\manage-sys\src\api\article.js
FN:3,getList
FN:10,getArticle
FNF:2
FNH:0
FNDA:0,getList
FNDA:0,getArticle
DA:4,0
DA:11,0
LF:2
LH:0
BRF:0
BRH:0
end_of_record
TN:
SF:D:\web_object\code_Test\manage-sys\src\api\article_table.js
FN:3,fetchList
FN:11,fetchPv
FNF:2
FNH:0
FNDA:0,fetchList
FNDA:0,fetchPv
DA:4,0
DA:12,0
LF:2
LH:0
BRF:0
BRH:0
end_of_record
TN:
SF:D:\web_object\code_Test\manage-sys\src\api\authorities.js
FN:6,GetAuthoritiesList
FN:18,(anonymous_1)
FN:25,ImplementAuthorities
FN:30,(anonymous_3)
FNF:4
FNH:0
FNDA:0,GetAuthoritiesList
FNDA:0,(anonymous_1)
FNDA:0,ImplementAuthorities
FNDA:0,(anonymous_3)
DA:8,0
DA:9,0
DA:14,0
DA:19,0
DA:20,0
DA:21,0
DA:26,0
DA:31,0
DA:32,0
DA:33,0
LF:10
LH:0
BRDA:8,0,0,0
BRDA:8,0,1,0
BRF:2
BRH:0
end_of_record
TN:
SF:D:\web_object\code_Test\manage-sys\src\api\getUserList.js
FN:6,GetUserList
FN:18,(anonymous_1)
FN:26,DeleteUsers
FN:30,(anonymous_3)
FN:38,CreateUser
FN:43,(anonymous_5)
FN:51,GetUsers
FN:55,(anonymous_7)
FN:62,SetUserRoles
FN:67,(anonymous_9)
FNF:10
FNH:0
FNDA:0,GetUserList
FNDA:0,(anonymous_1)
FNDA:0,DeleteUsers
FNDA:0,(anonymous_3)
FNDA:0,CreateUser
FNDA:0,(anonymous_5)
FNDA:0,GetUsers
FNDA:0,(anonymous_7)
FNDA:0,SetUserRoles
FNDA:0,(anonymous_9)
DA:8,0
DA:9,0
DA:14,0
DA:19,0
DA:20,0
DA:21,0
DA:27,0
DA:31,0
DA:32,0
DA:33,0
DA:39,0
DA:44,0
DA:45,0
DA:46,0
DA:52,0
DA:56,0
DA:57,0
DA:58,0
DA:63,0
DA:68,0
DA:69,0
DA:70,0
LF:22
LH:0
BRDA:8,0,0,0
BRDA:8,0,1,0
BRF:2
BRH:0
end_of_record
TN:
SF:D:\web_object\code_Test\manage-sys\src\api\remoteSearch.js
FN:3,userSearch
FNF:1
FNH:0
FNDA:0,userSearch
DA:4,0
LF:1
LH:0
BRF:0
BRH:0
end_of_record
TN:
SF:D:\web_object\code_Test\manage-sys\src\api\roles.js
FN:6,GetRolesList
FN:18,(anonymous_1)
FN:25,GetRole
FN:29,(anonymous_3)
FN:36,SetRoleAuthorities
FN:41,(anonymous_5)
FN:49,CreateRole
FN:54,(anonymous_7)
FN:62,DeleteRole
FN:66,(anonymous_9)
FN:74,UpdateRole
FN:79,(anonymous_11)
FNF:12
FNH:0
FNDA:0,GetRolesList
FNDA:0,(anonymous_1)
FNDA:0,GetRole
FNDA:0,(anonymous_3)
FNDA:0,SetRoleAuthorities
FNDA:0,(anonymous_5)
FNDA:0,CreateRole
FNDA:0,(anonymous_7)
FNDA:0,DeleteRole
FNDA:0,(anonymous_9)
FNDA:0,UpdateRole
FNDA:0,(anonymous_11)
DA:8,0
DA:9,0
DA:14,0
DA:19,0
DA:20,0
DA:21,0
DA:26,0
DA:30,0
DA:31,0
DA:32,0
DA:37,0
DA:42,0
DA:43,0
DA:44,0
DA:50,0
DA:55,0
DA:56,0
DA:57,0
DA:63,0
DA:67,0
DA:68,0
DA:69,0
DA:75,0
DA:80,0
DA:81,0
DA:82,0
LF:26
LH:0
BRDA:8,0,0,0
BRDA:8,0,1,0
BRF:2
BRH:0
end_of_record
TN:
SF:D:\web_object\code_Test\manage-sys\src\components\PanThumb\index.vue
FNF:0
FNH:0
DA:33,0
LF:1
LH:0
BRF:0
BRH:0
end_of_record
TN:
SF:D:\web_object\code_Test\manage-sys\src\components\pagiNation.vue
FNF:0
FNH:0
DA:18,0
DA:21,0
DA:25,0
LF:3
LH:0
BRF:0
BRH:0
end_of_record
TN:
SF:D:\web_object\code_Test\manage-sys\src\components\table.vue
FN:104,(anonymous_0)
FN:108,(anonymous_1)
FNF:2
FNH:0
FNDA:0,(anonymous_0)
FNDA:0,(anonymous_1)
DA:84,0
DA:97,0
DA:100,0
DA:103,0
DA:105,0
DA:109,0
LF:6
LH:0
BRF:0
BRH:0
end_of_record
TN:
SF:D:\web_object\code_Test\manage-sys\src\components\table\table.js
FN:14,(anonymous_0)
FNF:1
FNH:0
FNDA:0,(anonymous_0)
DA:7,0
DA:13,0
DA:14,0
DA:15,0
DA:18,0
DA:22,0
DA:25,0
LF:7
LH:0
BRDA:13,0,0,0
BRDA:13,0,1,0
BRF:2
BRH:0
end_of_record
TN:
SF:D:\web_object\code_Test\manage-sys\src\router\customRoute.js
FN:7,(anonymous_0)
FN:11,(anonymous_1)
FN:12,(anonymous_2)
FN:13,(anonymous_3)
FN:16,(anonymous_4)
FN:17,(anonymous_5)
FN:18,(anonymous_6)
FN:19,(anonymous_7)
FN:20,(anonymous_8)
FN:21,(anonymous_9)
FN:22,(anonymous_10)
FN:23,(anonymous_11)
FN:26,(anonymous_12)
FN:29,(anonymous_13)
FN:32,(anonymous_14)
FN:33,(anonymous_15)
FN:34,(anonymous_16)
FN:38,(anonymous_17)
FN:39,(anonymous_18)
FN:40,(anonymous_19)
FN:41,(anonymous_20)
FNF:21
FNH:0
FNDA:0,(anonymous_0)
FNDA:0,(anonymous_1)
FNDA:0,(anonymous_2)
FNDA:0,(anonymous_3)
FNDA:0,(anonymous_4)
FNDA:0,(anonymous_5)
FNDA:0,(anonymous_6)
FNDA:0,(anonymous_7)
FNDA:0,(anonymous_8)
FNDA:0,(anonymous_9)
FNDA:0,(anonymous_10)
FNDA:0,(anonymous_11)
FNDA:0,(anonymous_12)
FNDA:0,(anonymous_13)
FNDA:0,(anonymous_14)
FNDA:0,(anonymous_15)
FNDA:0,(anonymous_16)
FNDA:0,(anonymous_17)
FNDA:0,(anonymous_18)
FNDA:0,(anonymous_19)
FNDA:0,(anonymous_20)
DA:7,1
DA:11,1
DA:12,1
DA:13,1
DA:16,1
DA:17,1
DA:18,1
DA:19,1
DA:20,1
DA:21,1
DA:22,1
DA:23,1
DA:26,1
DA:29,1
DA:32,1
DA:33,1
DA:34,1
DA:38,1
DA:39,1
DA:40,1
DA:41,1
DA:46,1
LF:22
LH:22
BRF:0
BRH:0
end_of_record
TN:
SF:D:\web_object\code_Test\manage-sys\src\store\confirm.js
FN:8,confirmInfo
FN:11,(anonymous_1)
FN:13,(anonymous_2)
FNF:3
FNH:0
FNDA:0,confirmInfo
FNDA:0,(anonymous_1)
FNDA:0,(anonymous_2)
DA:10,0
LF:1
LH:0
BRF:0
BRH:0
end_of_record
TN:
SF:D:\web_object\code_Test\manage-sys\src\utils\createUniqueString.js
FN:4,createUniqueString
FNF:1
FNH:0
FNDA:0,createUniqueString
DA:5,0
DA:6,0
DA:7,0
LF:3
LH:0
BRF:0
BRH:0
end_of_record
TN:
SF:D:\web_object\code_Test\manage-sys\src\utils\index.js
FN:5,parseTime
FN:26,(anonymous_1)
FN:37,formatTime
FN:61,getQueryObject
FN:66,(anonymous_4)
FN:82,getByteLen
FN:92,cleanArray
FN:102,param
FN:104,(anonymous_8)
FN:111,param2Obj
FN:116,html2Text
FN:122,objectMerge
FN:146,scrollTo
FN:150,(anonymous_13)
FN:158,toggleClass
FN:207,getTime
FNF:16
FNH:0
FNDA:0,parseTime
FNDA:0,(anonymous_1)
FNDA:0,formatTime
FNDA:0,getQueryObject
FNDA:0,(anonymous_4)
FNDA:0,getByteLen
FNDA:0,cleanArray
FNDA:0,param
FNDA:0,(anonymous_8)
FNDA:0,param2Obj
FNDA:0,html2Text
FNDA:0,objectMerge
FNDA:0,scrollTo
FNDA:0,(anonymous_13)
FNDA:0,toggleClass
FNDA:0,getTime
DA:6,0
DA:7,0
DA:9,0
DA:11,0
DA:12,0
DA:14,0
DA:15,0
DA:17,0
DA:26,0
DA:27,0
DA:28,0
DA:29,0
DA:30,0
DA:32,0
DA:34,0
DA:38,0
DA:39,0
DA:40,0
DA:42,0
DA:44,0
DA:45,0
DA:46,0
DA:47,0
DA:48,0
DA:49,0
DA:50,0
DA:51,0
DA:53,0
DA:54,0
DA:56,0
DA:62,0
DA:63,0
DA:64,0
DA:65,0
DA:66,0
DA:67,0
DA:68,0
DA:69,0
DA:70,0
DA:71,0
DA:73,0
DA:83,0
DA:84,0
DA:85,0
DA:86,0
DA:87,0
DA:89,0
DA:93,0
DA:94,0
DA:95,0
DA:96,0
DA:99,0
DA:103,0
DA:104,0
DA:105,0
DA:106,0
DA:112,0
DA:113,0
DA:117,0
DA:118,0
DA:119,0
DA:126,0
DA:127,0
DA:129,0
DA:130,0
DA:132,0
DA:133,0
DA:134,0
DA:135,0
DA:136,0
DA:137,0
DA:139,0
DA:142,0
DA:147,0
DA:148,0
DA:149,0
DA:150,0
DA:151,0
DA:152,0
DA:153,0
DA:154,0
DA:159,0
DA:160,0
DA:162,0
DA:163,0
DA:164,0
DA:165,0
DA:167,0
DA:169,0
DA:172,1
DA:176,0
DA:177,0
DA:178,0
DA:179,0
DA:184,0
DA:185,0
DA:186,0
DA:187,0
DA:192,0
DA:193,0
DA:194,0
DA:195,0
DA:200,0
DA:201,0
DA:202,0
DA:203,0
DA:208,0
DA:209,0
DA:211,0
LF:109
LH:1
BRDA:6,0,0,0
BRDA:6,0,1,0
BRDA:9,1,0,0
BRDA:9,1,1,0
BRDA:11,2,0,0
BRDA:11,2,1,0
BRDA:14,3,0,0
BRDA:14,3,1,0
BRDA:28,4,0,0
BRDA:28,4,1,0
BRDA:29,5,0,0
BRDA:29,5,1,0
BRDA:29,6,0,0
BRDA:29,6,1,0
BRDA:32,7,0,0
BRDA:32,7,1,0
BRDA:44,8,0,0
BRDA:44,8,1,0
BRDA:46,9,0,0
BRDA:46,9,1,0
BRDA:48,10,0,0
BRDA:48,10,1,0
BRDA:50,11,0,0
BRDA:50,11,1,0
BRDA:53,12,0,0
BRDA:53,12,1,0
BRDA:62,13,0,0
BRDA:62,13,1,0
BRDA:85,14,0,0
BRDA:85,14,1,0
BRDA:95,15,0,0
BRDA:95,15,1,0
BRDA:103,16,0,0
BRDA:103,16,1,0
BRDA:105,17,0,0
BRDA:105,17,1,0
BRDA:119,18,0,0
BRDA:119,18,1,0
BRDA:126,19,0,0
BRDA:126,19,1,0
BRDA:129,20,0,0
BRDA:129,20,1,0
BRDA:133,21,0,0
BRDA:133,21,1,0
BRDA:135,22,0,0
BRDA:135,22,1,0
BRDA:147,23,0,0
BRDA:147,23,1,0
BRDA:153,24,0,0
BRDA:153,24,1,0
BRDA:159,25,0,0
BRDA:159,25,1,0
BRDA:159,26,0,0
BRDA:159,26,1,0
BRDA:164,27,0,0
BRDA:164,27,1,0
BRDA:208,28,0,0
BRDA:208,28,1,0
BRF:58
BRH:0
end_of_record
TN:
SF:D:\web_object\code_Test\manage-sys\src\views\account\assignRoleDialog.vue
FN:32,(anonymous_0)
FN:62,(anonymous_1)
FN:64,(anonymous_2)
FN:68,(anonymous_3)
FNF:4
FNH:0
FNDA:0,(anonymous_0)
FNDA:0,(anonymous_1)
FNDA:0,(anonymous_2)
FNDA:0,(anonymous_3)
DA:22,0
DA:27,0
DA:31,0
DA:32,0
DA:33,0
DA:36,0
DA:40,0
DA:43,0
DA:47,0
DA:52,0
DA:53,0
DA:54,0
DA:55,0
DA:63,0
DA:64,0
DA:65,0
DA:67,0
DA:69,0
LF:18
LH:0
BRDA:31,0,0,0
BRDA:31,0,1,0
BRDA:54,1,0,0
BRDA:54,1,1,0
BRF:4
BRH:0
end_of_record
TN:
SF:D:\web_object\code_Test\manage-sys\src\views\account\assignRoleTable.vue
FN:81,(anonymous_0)
FN:83,(anonymous_1)
FN:90,(anonymous_2)
FN:108,(anonymous_3)
FNF:4
FNH:0
FNDA:0,(anonymous_0)
FNDA:0,(anonymous_1)
FNDA:0,(anonymous_2)
FNDA:0,(anonymous_3)
DA:50,1
DA:63,0
DA:72,0
DA:76,0
DA:77,0
DA:81,0
DA:82,0
DA:84,0
DA:85,0
DA:91,0
DA:99,0
DA:100,0
DA:103,0
DA:104,0
DA:108,0
DA:109,0
LF:16
LH:1
BRF:0
BRH:0
end_of_record
TN:
SF:D:\web_object\code_Test\manage-sys\src\views\account\userManager.vue
FN:61,(anonymous_0)
FN:68,(anonymous_1)
FN:113,(anonymous_2)
FN:122,(anonymous_3)
FNF:4
FNH:0
FNDA:0,(anonymous_0)
FNDA:0,(anonymous_1)
FNDA:0,(anonymous_2)
FNDA:0,(anonymous_3)
DA:49,1
DA:53,1
DA:57,0
DA:61,0
DA:62,0
DA:63,0
DA:65,0
DA:68,0
DA:69,0
DA:70,0
DA:72,0
DA:75,0
DA:111,0
DA:112,0
DA:114,0
DA:115,0
DA:116,0
DA:121,0
DA:124,0
DA:125,0
DA:130,0
DA:131,0
DA:134,0
DA:137,0
DA:138,0
DA:141,0
LF:26
LH:2
BRDA:62,0,0,0
BRDA:62,0,1,0
BRDA:69,1,0,0
BRDA:69,1,1,0
BRF:4
BRH:0
end_of_record
TN:
SF:D:\web_object\code_Test\manage-sys\src\views\active\activeMsg\active.api.js
FNF:0
FNH:0
LF:0
LH:0
BRF:0
BRH:0
end_of_record
TN:
SF:D:\web_object\code_Test\manage-sys\src\views\active\activeMsg\activeMsg.js
FN:64,(anonymous_0)
FN:74,(anonymous_1)
FN:81,(anonymous_2)
FN:96,(anonymous_3)
FNF:4
FNH:0
FNDA:0,(anonymous_0)
FNDA:0,(anonymous_1)
FNDA:0,(anonymous_2)
FNDA:0,(anonymous_3)
DA:8,1
DA:18,0
DA:21,0
DA:30,0
DA:61,0
DA:62,0
DA:63,0
DA:65,0
DA:66,0
DA:67,0
DA:71,0
DA:72,0
DA:73,0
DA:75,0
DA:76,0
DA:81,0
DA:82,0
DA:86,0
DA:89,0
DA:92,0
DA:94,0
DA:97,0
DA:98,0
DA:99,0
DA:100,0
LF:25
LH:1
BRF:0
BRH:0
end_of_record
TN:
SF:D:\web_object\code_Test\manage-sys\src\views\active\activePublic.vue
FN:92,(anonymous_0)
FNF:1
FNH:0
FNDA:0,(anonymous_0)
DA:59,0
DA:92,0
DA:93,0
DA:94,0
DA:96,0
DA:97,0
DA:102,0
LF:7
LH:0
BRDA:93,0,0,0
BRDA:93,0,1,0
BRF:2
BRH:0
end_of_record
TN:
SF:D:\web_object\code_Test\manage-sys\src\views\active\package-table\components\editor.vue
FNF:0
FNH:0
LF:0
LH:0
BRF:0
BRH:0
end_of_record
TN:
SF:D:\web_object\code_Test\manage-sys\src\views\active\package-table\components\table\table.js
FN:14,(anonymous_0)
FNF:1
FNH:0
FNDA:0,(anonymous_0)
DA:7,0
DA:13,0
DA:14,0
DA:15,0
DA:18,0
DA:22,0
DA:25,0
LF:7
LH:0
BRDA:13,0,0,0
BRDA:13,0,1,0
BRF:2
BRH:0
end_of_record
TN:
SF:D:\web_object\code_Test\manage-sys\src\views\active\package-table\packageTable.js
FN:72,(anonymous_0)
FN:82,(anonymous_1)
FN:88,(anonymous_2)
FN:110,(anonymous_3)
FN:112,(anonymous_4)
FN:116,(anonymous_5)
FN:152,tempInit
FNF:7
FNH:0
FNDA:0,(anonymous_0)
FNDA:0,(anonymous_1)
FNDA:0,(anonymous_2)
FNDA:0,(anonymous_3)
FNDA:0,(anonymous_4)
FNDA:0,(anonymous_5)
FNDA:0,tempInit
DA:13,1
DA:17,1
DA:24,1
DA:30,1
DA:34,0
DA:37,0
DA:54,0
DA:69,0
DA:70,0
DA:71,0
DA:73,0
DA:74,0
DA:75,0
DA:79,0
DA:80,0
DA:81,0
DA:83,0
DA:84,0
DA:88,0
DA:89,0
DA:90,0
DA:94,0
DA:97,0
DA:98,0
DA:99,0
DA:102,0
DA:103,0
DA:108,0
DA:110,0
DA:111,0
DA:113,0
DA:117,0
DA:118,0
DA:123,0
DA:125,0
DA:126,0
DA:127,0
DA:130,0
DA:131,0
DA:132,0
DA:135,0
DA:137,0
DA:142,0
DA:143,0
DA:146,0
DA:153,0
LF:46
LH:4
BRDA:102,0,0,0
BRDA:102,0,1,0
BRDA:117,1,0,0
BRDA:117,1,1,0
BRDA:117,2,0,0
BRDA:117,2,1,0
BRDA:131,3,0,0
BRDA:131,3,1,0
BRF:8
BRH:0
end_of_record
TN:
SF:D:\web_object\code_Test\manage-sys\src\views\common\cDate.vue
FNF:0
FNH:0
DA:17,0
DA:20,0
LF:2
LH:0
BRF:0
BRH:0
end_of_record
TN:
SF:D:\web_object\code_Test\manage-sys\src\views\common\cInput.vue
FNF:0
FNH:0
DA:15,0
LF:1
LH:0
BRF:0
BRH:0
end_of_record
TN:
SF:D:\web_object\code_Test\manage-sys\src\views\common\cSelect.vue
FNF:0
FNH:0
LF:0
LH:0
BRF:0
BRH:0
end_of_record
TN:
SF:D:\web_object\code_Test\manage-sys\src\views\common\cTree.vue
FNF:0
FNH:0
DA:8,0
DA:52,0
LF:2
LH:0
BRF:0
BRH:0
end_of_record
TN:
SF:D:\web_object\code_Test\manage-sys\src\views\common\echarts.vue
FNF:0
FNH:0
DA:11,1
DA:16,0
DA:21,0
DA:26,0
DA:28,0
DA:43,0
DA:45,0
LF:7
LH:1
BRF:0
BRH:0
end_of_record
TN:
SF:D:\web_object\code_Test\manage-sys\src\views\common\table.vue
FNF:0
FNH:0
DA:32,1
DA:68,0
LF:2
LH:1
BRF:0
BRH:0
end_of_record
TN:
SF:D:\web_object\code_Test\manage-sys\src\views\common\upLoad.vue
FNF:0
FNH:0
DA:26,0
DA:38,0
DA:41,0
LF:3
LH:0
BRF:0
BRH:0
end_of_record
TN:
SF:D:\web_object\code_Test\manage-sys\src\views\dashboard\index.vue
FNF:0
FNH:0
LF:0
LH:0
BRF:0
BRH:0
end_of_record
TN:
SF:D:\web_object\code_Test\manage-sys\src\views\demo\list\list.vue
FNF:0
FNH:0
DA:38,0
LF:1
LH:0
BRF:0
BRH:0
end_of_record
TN:
SF:D:\web_object\code_Test\manage-sys\src\views\demo\list\users.vue
FN:76,(anonymous_0)
FN:85,(anonymous_1)
FNF:2
FNH:0
FNDA:0,(anonymous_0)
FNDA:0,(anonymous_1)
DA:53,1
DA:60,0
DA:63,0
DA:75,0
DA:78,0
DA:79,0
DA:84,0
DA:86,0
DA:91,0
DA:92,0
LF:10
LH:1
BRF:0
BRH:0
end_of_record
TN:
SF:D:\web_object\code_Test\manage-sys\src\views\error\401.vue
FNF:0
FNH:0
DA:34,0
DA:42,0
DA:43,0
DA:45,0
LF:4
LH:0
BRDA:42,0,0,0
BRDA:42,0,1,0
BRF:2
BRH:0
end_of_record
TN:
SF:D:\web_object\code_Test\manage-sys\src\views\error\404.vue
FNF:0
FNH:0
DA:24,0
LF:1
LH:0
BRF:0
BRH:0
end_of_record
TN:
SF:D:\web_object\code_Test\manage-sys\src\views\help-document\api\getCatalog.js
FN:6,GetCatalog
FN:10,(anonymous_1)
FNF:2
FNH:0
FNDA:0,GetCatalog
FNDA:0,(anonymous_1)
DA:7,0
DA:11,0
DA:12,0
DA:13,0
LF:4
LH:0
BRF:0
BRH:0
end_of_record
TN:
SF:D:\web_object\code_Test\manage-sys\src\views\help-document\catalog.js
FN:21,(anonymous_0)
FN:29,(anonymous_1)
FNF:2
FNH:0
FNDA:0,(anonymous_0)
FNDA:0,(anonymous_1)
DA:8,0
DA:17,0
DA:21,0
DA:22,0
DA:26,0
DA:27,0
DA:28,0
DA:29,0
DA:30,0
DA:31,0
LF:10
LH:0
BRDA:30,0,0,0
BRDA:30,0,1,0
BRF:2
BRH:0
end_of_record
TN:
SF:D:\web_object\code_Test\manage-sys\src\views\help-document\helpDocument.vue
FNF:0
FNH:0
LF:0
LH:0
BRF:0
BRH:0
end_of_record
TN:
SF:D:\web_object\code_Test\manage-sys\src\views\help-document\readme.vue
FNF:0
FNH:0
LF:0
LH:0
BRF:0
BRH:0
end_of_record
TN:
SF:D:\web_object\code_Test\manage-sys\src\views\help-document\table.vue
FNF:0
FNH:0
LF:0
LH:0
BRF:0
BRH:0
end_of_record
TN:
SF:D:\web_object\code_Test\manage-sys\src\views\login\authredirect.vue
FNF:0
FNH:0
DA:5,0
DA:6,0
DA:7,0
LF:3
LH:0
BRF:0
BRH:0
end_of_record
TN:
SF:D:\web_object\code_Test\manage-sys\src\views\login\reset.vue
FN:47,(anonymous_0)
FN:54,(anonymous_1)
FN:61,(anonymous_2)
FNF:3
FNH:0
FNDA:0,(anonymous_0)
FNDA:0,(anonymous_1)
FNDA:0,(anonymous_2)
DA:47,0
DA:48,0
DA:49,0
DA:51,0
DA:54,0
DA:55,0
DA:56,0
DA:58,0
DA:61,0
DA:62,0
DA:63,0
DA:64,0
DA:65,0
DA:67,0
DA:70,0
DA:119,0
DA:120,0
DA:122,0
LF:18
LH:0
BRDA:48,0,0,0
BRDA:48,0,1,0
BRDA:55,1,0,0
BRDA:55,1,1,0
BRDA:62,2,0,0
BRDA:62,2,1,0
BRDA:64,3,0,0
BRDA:64,3,1,0
BRDA:119,4,0,0
BRDA:119,4,1,0
BRF:10
BRH:0
end_of_record
TN:
SF:D:\web_object\code_Test\manage-sys\src\views\login\sendpwd.vue
FN:38,(anonymous_0)
FN:61,(anonymous_1)
FNF:2
FNH:0
FNDA:0,(anonymous_0)
FNDA:0,(anonymous_1)
DA:38,0
DA:39,0
DA:40,0
DA:42,0
DA:45,0
DA:60,0
DA:61,0
DA:62,0
DA:67,0
DA:69,0
LF:10
LH:0
BRDA:39,0,0,0
BRDA:39,0,1,0
BRDA:62,1,0,0
BRDA:62,1,1,0
BRF:4
BRH:0
end_of_record
TN:
SF:D:\web_object\code_Test\manage-sys\src\views\permission-test\index.vue
FNF:0
FNH:0
DA:15,0
DA:26,0
DA:27,0
LF:3
LH:0
BRF:0
BRH:0
end_of_record
TN:
SF:D:\web_object\code_Test\manage-sys\src\views\permission\components\permissionTable.vue
FN:57,(anonymous_0)
FNF:1
FNH:0
FNDA:0,(anonymous_0)
DA:50,0
DA:56,0
DA:57,0
DA:58,0
DA:61,0
DA:65,0
DA:66,0
DA:67,0
DA:68,0
LF:9
LH:0
BRDA:56,0,0,0
BRDA:56,0,1,0
BRF:2
BRH:0
end_of_record
TN:
SF:D:\web_object\code_Test\manage-sys\src\views\permission\permission.js
FN:49,(anonymous_0)
FN:66,(anonymous_1)
FN:88,tempInit
FNF:3
FNH:0
FNDA:0,(anonymous_0)
FNDA:0,(anonymous_1)
FNDA:0,tempInit
DA:8,1
DA:12,1
DA:19,0
DA:46,0
DA:47,0
DA:48,0
DA:50,0
DA:51,0
DA:52,0
DA:63,0
DA:66,0
DA:67,0
DA:68,0
DA:72,0
DA:73,0
DA:76,0
DA:77,0
DA:78,0
DA:82,0
DA:89,0
LF:20
LH:2
BRF:0
BRH:0
end_of_record
TN:
SF:D:\web_object\code_Test\manage-sys\src\views\roles\components\authoritiesTree.vue
FN:48,(anonymous_0)
FN:53,(anonymous_1)
FN:55,(anonymous_2)
FNF:3
FNH:0
FNDA:0,(anonymous_0)
FNDA:0,(anonymous_1)
FNDA:0,(anonymous_2)
DA:18,1
DA:23,0
DA:37,0
DA:40,0
DA:43,0
DA:47,0
DA:49,0
DA:54,0
DA:56,0
LF:9
LH:1
BRF:0
BRH:0
end_of_record
TN:
SF:D:\web_object\code_Test\manage-sys\src\views\roles\components\rolesTable.vue
FN:75,(anonymous_0)
FNF:1
FNH:0
FNDA:0,(anonymous_0)
DA:65,0
DA:74,0
DA:75,0
DA:76,0
DA:79,0
DA:83,0
DA:86,0
DA:89,0
DA:90,0
DA:95,0
LF:10
LH:0
BRDA:74,0,0,0
BRDA:74,0,1,0
BRF:2
BRH:0
end_of_record
TN:
SF:D:\web_object\code_Test\manage-sys\src\views\roles\roles.js
FN:44,(anonymous_0)
FN:53,(anonymous_1)
FN:62,(anonymous_2)
FN:86,(anonymous_3)
FN:87,(anonymous_4)
FN:89,(anonymous_5)
FN:96,(anonymous_6)
FNF:7
FNH:0
FNDA:0,(anonymous_0)
FNDA:0,(anonymous_1)
FNDA:0,(anonymous_2)
FNDA:0,(anonymous_3)
FNDA:0,(anonymous_4)
FNDA:0,(anonymous_5)
FNDA:0,(anonymous_6)
DA:8,1
DA:12,1
DA:16,0
DA:41,0
DA:42,0
DA:43,0
DA:45,0
DA:46,0
DA:47,0
DA:51,0
DA:52,0
DA:54,0
DA:55,0
DA:59,0
DA:62,0
DA:63,0
DA:64,0
DA:68,0
DA:69,0
DA:72,0
DA:73,0
DA:77,0
DA:78,0
DA:83,0
DA:86,0
DA:87,0
DA:88,0
DA:90,0
DA:92,0
DA:97,0
DA:105,0
DA:106,0
DA:111,0
DA:113,0
DA:114,0
DA:115,0
DA:119,0
LF:37
LH:2
BRDA:77,0,0,0
BRDA:77,0,1,0
BRDA:105,1,0,0
BRDA:105,1,1,0
BRDA:105,2,0,0
BRDA:105,2,1,0
BRF:6
BRH:0
end_of_record
TN:
SF:D:\web_object\code_Test\manage-sys\src\views\router-show\tab-page\page1.vue
FNF:0
FNH:0
DA:12,0
LF:1
LH:0
BRF:0
BRH:0
end_of_record
TN:
SF:D:\web_object\code_Test\manage-sys\src\views\router-show\tab-page\page2.vue
FNF:0
FNH:0
LF:0
LH:0
BRF:0
BRH:0
end_of_record
TN:
SF:D:\web_object\code_Test\manage-sys\src\views\router-show\tab-page\tabPage.js
FN:32,(anonymous_0)
FN:43,(anonymous_1)
FNF:2
FNH:0
FNDA:0,(anonymous_0)
FNDA:0,(anonymous_1)
DA:9,0
DA:17,0
DA:18,0
DA:19,0
DA:24,0
DA:27,0
DA:29,0
DA:30,0
DA:31,0
DA:32,0
DA:33,0
DA:34,0
DA:35,0
DA:36,0
DA:42,0
DA:43,0
DA:44,0
DA:48,0
LF:18
LH:0
BRDA:17,0,0,0
BRDA:17,0,1,0
BRDA:27,1,0,0
BRDA:27,1,1,0
BRDA:31,2,0,0
BRDA:31,2,1,0
BRDA:33,3,0,0
BRDA:33,3,1,0
BRDA:34,4,0,0
BRDA:34,4,1,0
BRDA:35,5,0,0
BRDA:35,5,1,0
BRF:12
BRH:0
end_of_record
TN:
SF:D:\web_object\code_Test\manage-sys\src\views\users\userList.vue
FNF:0
FNH:0
DA:42,0
DA:59,0
DA:62,0
DA:65,0
LF:4
LH:0
BRF:0
BRH:0
end_of_record
